<?xml version="1.0" encoding="UTF-8"?>
<!-- Generated by org.testng.reporters.JUnitReportReporter -->
<testsuite hostname="Charan" name="actitmeJenkins.OpenApplication" tests="1" failures="0" timestamp="24 Feb 2020 06:39:46 GMT" time="43.710" errors="0">
  <testcase name="getTitle" time="43.710" classname="actitmeJenkins.OpenApplication"/>
</testsuite> <!-- actitmeJenkins.OpenApplication -->
